[   161.796] (--) Log file renamed from "/home/gast/.local/share/xorg/Xorg.pid-1104.log" to "/home/gast/.local/share/xorg/Xorg.0.log"
[   161.797] 
X.Org X Server 1.21.1.16
X Protocol Version 11, Revision 0
[   161.797] Current Operating System: Linux studio1 6.13.7-arch1-1 #1 SMP PREEMPT_DYNAMIC Thu, 13 Mar 2025 18:12:00 +0000 x86_64
[   161.797] Kernel command line: initrd=\initramfs-linux.img root=UUID=778375a6-3b19-4d78-9986-42bc45173161 rootflags=subvol=/@,compress=zstd,discard
[   161.797]  
[   161.797] Current version of pixman: 0.44.2
[   161.797] 	Before reporting problems, check http://wiki.x.org
	to make sure that you have the latest version.
[   161.797] Markers: (--) probed, (**) from config file, (==) default setting,
	(++) from command line, (!!) notice, (II) informational,
	(WW) warning, (EE) error, (NI) not implemented, (??) unknown.
[   161.797] (==) Log file: "/home/gast/.local/share/xorg/Xorg.0.log", Time: Fri Mar 21 16:43:47 2025
[   161.797] (==) Using system config directory "/usr/share/X11/xorg.conf.d"
[   161.797] (==) No Layout section.  Using the first Screen section.
[   161.797] (==) No screen section available. Using defaults.
[   161.797] (**) |-->Screen "Default Screen Section" (0)
[   161.797] (**) |   |-->Monitor "<default monitor>"
[   161.798] (==) No monitor specified for screen "Default Screen Section".
	Using a default monitor configuration.
[   161.798] (**) Allowing byte-swapped clients
[   161.798] (==) Automatically adding devices
[   161.798] (==) Automatically enabling devices
[   161.798] (==) Automatically adding GPU devices
[   161.798] (==) Automatically binding GPU devices
[   161.798] (==) Max clients allowed: 256, resource mask: 0x1fffff
[   161.798] (WW) The directory "/usr/share/fonts/misc" does not exist.
[   161.798] 	Entry deleted from font path.
[   161.798] (WW) `fonts.dir' not found (or not valid) in "/usr/share/fonts/TTF".
[   161.798] 	Entry deleted from font path.
[   161.798] 	(Run 'mkfontdir' on "/usr/share/fonts/TTF").
[   161.798] (WW) The directory "/usr/share/fonts/OTF" does not exist.
[   161.798] 	Entry deleted from font path.
[   161.798] (WW) The directory "/usr/share/fonts/Type1" does not exist.
[   161.798] 	Entry deleted from font path.
[   161.798] (WW) The directory "/usr/share/fonts/100dpi" does not exist.
[   161.798] 	Entry deleted from font path.
[   161.798] (WW) The directory "/usr/share/fonts/75dpi" does not exist.
[   161.798] 	Entry deleted from font path.
[   161.798] (==) FontPath set to:
	
[   161.798] (==) ModulePath set to "/usr/lib/xorg/modules"
[   161.798] (II) The server relies on udev to provide the list of input devices.
	If no devices become available, reconfigure udev or disable AutoAddDevices.
[   161.798] (II) Module ABI versions:
[   161.798] 	X.Org ANSI C Emulation: 0.4
[   161.798] 	X.Org Video Driver: 25.2
[   161.798] 	X.Org XInput driver : 24.4
[   161.798] 	X.Org Server Extension : 10.0
[   161.798] (++) using VT number 2

[   161.799] (II) systemd-logind: took control of session /org/freedesktop/login1/session/_33
[   161.799] (II) xfree86: Adding drm device (/dev/dri/card1)
[   161.799] (II) Platform probe for /sys/devices/pci0000:00/0000:00:02.0/drm/card1
[   161.800] (II) systemd-logind: got fd for /dev/dri/card1 226:1 fd 14 paused 0
[   161.802] (--) PCI:*(0@0:2:0) 8086:3ea0:17aa:2286 rev 2, Mem @ 0xb0000000/16777216, 0xa0000000/268435456, I/O @ 0x00003000/64, BIOS @ 0x????????/131072
[   161.802] (WW) Open ACPI failed (/var/run/acpid.socket) (No such file or directory)
[   161.802] (II) LoadModule: "glx"
[   161.802] (II) Loading /usr/lib/xorg/modules/extensions/libglx.so
[   161.804] (II) Module glx: vendor="X.Org Foundation"
[   161.804] 	compiled for 1.21.1.16, module version = 1.0.0
[   161.804] 	ABI class: X.Org Server Extension, version 10.0
[   161.804] (==) Matched intel as autoconfigured driver 0
[   161.804] (==) Matched modesetting as autoconfigured driver 1
[   161.804] (==) Matched fbdev as autoconfigured driver 2
[   161.804] (==) Matched vesa as autoconfigured driver 3
[   161.804] (==) Assigned the driver to the xf86ConfigLayout
[   161.804] (II) LoadModule: "intel"
[   161.804] (WW) Warning, couldn't open module intel
[   161.804] (EE) Failed to load module "intel" (module does not exist, 0)
[   161.804] (II) LoadModule: "modesetting"
[   161.804] (II) Loading /usr/lib/xorg/modules/drivers/modesetting_drv.so
[   161.805] (II) Module modesetting: vendor="X.Org Foundation"
[   161.805] 	compiled for 1.21.1.16, module version = 1.21.1
[   161.805] 	Module class: X.Org Video Driver
[   161.805] 	ABI class: X.Org Video Driver, version 25.2
[   161.805] (II) LoadModule: "fbdev"
[   161.805] (WW) Warning, couldn't open module fbdev
[   161.805] (EE) Failed to load module "fbdev" (module does not exist, 0)
[   161.805] (II) LoadModule: "vesa"
[   161.805] (WW) Warning, couldn't open module vesa
[   161.805] (EE) Failed to load module "vesa" (module does not exist, 0)
[   161.805] (II) modesetting: Driver for Modesetting Kernel Drivers: kms
[   161.805] (II) modeset(0): using drv /dev/dri/card1
[   161.805] (WW) VGA arbiter: cannot open kernel arbiter, no multi-card support
[   161.805] (II) modeset(0): Creating default Display subsection in Screen section
	"Default Screen Section" for depth/fbbpp 24/32
[   161.805] (==) modeset(0): Depth 24, (==) framebuffer bpp 32
[   161.805] (==) modeset(0): RGB weight 888
[   161.805] (==) modeset(0): Default visual is TrueColor
[   161.805] (II) Loading sub module "glamoregl"
[   161.805] (II) LoadModule: "glamoregl"
[   161.805] (II) Loading /usr/lib/xorg/modules/libglamoregl.so
[   161.809] (II) Module glamoregl: vendor="X.Org Foundation"
[   161.809] 	compiled for 1.21.1.16, module version = 1.0.1
[   161.809] 	ABI class: X.Org ANSI C Emulation, version 0.4
[   161.834] (II) modeset(0): glamor X acceleration enabled on Mesa Intel(R) UHD Graphics 620 (WHL GT2)
[   161.834] (II) modeset(0): glamor initialized
[   161.834] (==) modeset(0): VariableRefresh: disabled
[   161.834] (==) modeset(0): AsyncFlipSecondaries: disabled
[   161.836] (II) modeset(0): Output eDP-1 has no monitor section
[   161.841] (II) modeset(0): Output DP-1 has no monitor section
[   161.854] (II) modeset(0): Output HDMI-1 has no monitor section
[   161.859] (II) modeset(0): Output DP-2 has no monitor section
[   161.867] (II) modeset(0): Output HDMI-2 has no monitor section
[   161.869] (II) modeset(0): EDID for output eDP-1
[   161.869] (II) modeset(0): Manufacturer: LGD  Model: 62c  Serial#: 0
[   161.869] (II) modeset(0): Year: 2018  Week: 0
[   161.869] (II) modeset(0): EDID Version: 1.4
[   161.869] (II) modeset(0): Digital Display Input
[   161.869] (II) modeset(0): 8 bits per channel
[   161.869] (II) modeset(0): Digital interface is DisplayPort
[   161.869] (II) modeset(0): Max Image Size [cm]: horiz.: 31  vert.: 17
[   161.869] (II) modeset(0): Gamma: 2.20
[   161.869] (II) modeset(0): No DPMS capabilities specified
[   161.869] (II) modeset(0): Supported color encodings: RGB 4:4:4 
[   161.869] (II) modeset(0): First detailed timing is preferred mode
[   161.869] (II) modeset(0): Preferred mode is native pixel format and refresh rate
[   161.869] (II) modeset(0): redX: 0.584 redY: 0.369   greenX: 0.350 greenY: 0.557
[   161.869] (II) modeset(0): blueX: 0.154 blueY: 0.106   whiteX: 0.313 whiteY: 0.329
[   161.869] (II) modeset(0): Manufacturer's mask: 0
[   161.869] (II) modeset(0): Supported detailed timing:
[   161.869] (II) modeset(0): clock: 138.7 MHz   Image Size:  309 x 174 mm
[   161.869] (II) modeset(0): h_active: 1920  h_sync: 1968  h_sync_end 2000 h_blank_end 2080 h_border: 0
[   161.869] (II) modeset(0): v_active: 1080  v_sync: 1083  v_sync_end 1088 v_blanking: 1111 v_border: 0
[   161.869] (II) modeset(0): Supported detailed timing:
[   161.869] (II) modeset(0): clock: 114.5 MHz   Image Size:  309 x 174 mm
[   161.869] (II) modeset(0): h_active: 1920  h_sync: 1968  h_sync_end 2000 h_blank_end 2164 h_border: 0
[   161.869] (II) modeset(0): v_active: 1080  v_sync: 1083  v_sync_end 1088 v_blanking: 1102 v_border: 0
[   161.869] (II) modeset(0):  LG Display
[   161.869] (II) modeset(0):  LP140WFA-SPD4
[   161.869] (II) modeset(0): EDID (in hex):
[   161.869] (II) modeset(0): 	00ffffffffffff0030e42c0600000000
[   161.869] (II) modeset(0): 	001c0104a51f117802aa95955e598e27
[   161.869] (II) modeset(0): 	1b505400000001010101010101010101
[   161.869] (II) modeset(0): 	0101010101012e3680a070381f403020
[   161.869] (II) modeset(0): 	350035ae1000001ab62c80f470381640
[   161.869] (II) modeset(0): 	3020350035ae1000001a000000fe004c
[   161.869] (II) modeset(0): 	4720446973706c61790a2020000000fe
[   161.869] (II) modeset(0): 	004c503134305746412d535044340018
[   161.869] (II) modeset(0): Printing probed modes for output eDP-1
[   161.869] (II) modeset(0): Modeline "1920x1080"x60.0  138.70  1920 1968 2000 2080  1080 1083 1088 1111 +hsync -vsync (66.7 kHz eP)
[   161.869] (II) modeset(0): Modeline "1920x1080"x120.0  356.38  1920 2080 2288 2656  1080 1081 1084 1118 doublescan -hsync +vsync (134.2 kHz d)
[   161.869] (II) modeset(0): Modeline "1920x1080"x119.9  266.50  1920 1944 1960 2000  1080 1081 1084 1111 doublescan +hsync -vsync (133.2 kHz d)
[   161.869] (II) modeset(0): Modeline "1920x1080"x60.0  173.00  1920 2048 2248 2576  1080 1083 1088 1120 -hsync +vsync (67.2 kHz d)
[   161.869] (II) modeset(0): Modeline "1920x1080"x59.9  138.50  1920 1968 2000 2080  1080 1083 1088 1111 +hsync -vsync (66.6 kHz d)
[   161.869] (II) modeset(0): Modeline "1920x1080"x48.0  114.46  1920 1968 2000 2164  1080 1083 1088 1102 +hsync -vsync (52.9 kHz e)
[   161.869] (II) modeset(0): Modeline "1680x1050"x60.0  146.25  1680 1784 1960 2240  1050 1053 1059 1089 -hsync +vsync (65.3 kHz d)
[   161.869] (II) modeset(0): Modeline "1680x1050"x59.9  119.00  1680 1728 1760 1840  1050 1053 1059 1080 +hsync -vsync (64.7 kHz d)
[   161.869] (II) modeset(0): Modeline "1400x1050"x60.0  122.00  1400 1488 1640 1880  1050 1052 1064 1082 +hsync +vsync (64.9 kHz d)
[   161.869] (II) modeset(0): Modeline "1600x900"x120.0  246.00  1600 1728 1900 2200  900 901 904 932 doublescan -hsync +vsync (111.8 kHz d)
[   161.869] (II) modeset(0): Modeline "1600x900"x119.9  186.50  1600 1624 1640 1680  900 901 904 926 doublescan +hsync -vsync (111.0 kHz d)
[   161.869] (II) modeset(0): Modeline "1600x900"x59.9  118.25  1600 1696 1856 2112  900 903 908 934 -hsync +vsync (56.0 kHz d)
[   161.869] (II) modeset(0): Modeline "1600x900"x59.8   97.50  1600 1648 1680 1760  900 903 908 926 +hsync -vsync (55.4 kHz d)
[   161.869] (II) modeset(0): Modeline "1280x1024"x60.0  108.00  1280 1328 1440 1688  1024 1025 1028 1066 +hsync +vsync (64.0 kHz d)
[   161.869] (II) modeset(0): Modeline "1400x900"x60.0  103.50  1400 1480 1624 1848  900 903 913 934 -hsync +vsync (56.0 kHz d)
[   161.869] (II) modeset(0): Modeline "1400x900"x59.9   86.50  1400 1448 1480 1560  900 903 913 926 +hsync -vsync (55.4 kHz d)
[   161.869] (II) modeset(0): Modeline "1280x960"x60.0  108.00  1280 1376 1488 1800  960 961 964 1000 +hsync +vsync (60.0 kHz d)
[   161.869] (II) modeset(0): Modeline "1440x810"x120.0  198.12  1440 1548 1704 1968  810 811 814 839 doublescan -hsync +vsync (100.7 kHz d)
[   161.869] (II) modeset(0): Modeline "1440x810"x119.9  151.88  1440 1464 1480 1520  810 811 814 833 doublescan +hsync -vsync (99.9 kHz d)
[   161.869] (II) modeset(0): Modeline "1368x768"x59.9   85.25  1368 1440 1576 1784  768 771 781 798 -hsync +vsync (47.8 kHz d)
[   161.869] (II) modeset(0): Modeline "1368x768"x59.9   72.25  1368 1416 1448 1528  768 771 781 790 +hsync -vsync (47.3 kHz d)
[   161.869] (II) modeset(0): Modeline "1280x800"x120.0  174.25  1280 1380 1516 1752  800 801 804 829 doublescan -hsync +vsync (99.5 kHz d)
[   161.869] (II) modeset(0): Modeline "1280x800"x119.9  134.25  1280 1304 1320 1360  800 801 804 823 doublescan +hsync -vsync (98.7 kHz d)
[   161.869] (II) modeset(0): Modeline "1280x800"x59.8   83.50  1280 1352 1480 1680  800 803 809 831 -hsync +vsync (49.7 kHz d)
[   161.869] (II) modeset(0): Modeline "1280x800"x59.9   71.00  1280 1328 1360 1440  800 803 809 823 +hsync -vsync (49.3 kHz d)
[   161.869] (II) modeset(0): Modeline "1280x720"x120.0  156.12  1280 1376 1512 1744  720 721 724 746 doublescan -hsync +vsync (89.5 kHz d)
[   161.869] (II) modeset(0): Modeline "1280x720"x120.0  120.75  1280 1304 1320 1360  720 721 724 740 doublescan +hsync -vsync (88.8 kHz d)
[   161.869] (II) modeset(0): Modeline "1280x720"x59.9   74.50  1280 1344 1472 1664  720 723 728 748 -hsync +vsync (44.8 kHz d)
[   161.869] (II) modeset(0): Modeline "1280x720"x59.7   63.75  1280 1328 1360 1440  720 723 728 741 +hsync -vsync (44.3 kHz d)
[   161.869] (II) modeset(0): Modeline "1024x768"x120.1  133.47  1024 1100 1212 1400  768 768 770 794 doublescan -hsync +vsync (95.3 kHz d)
[   161.869] (II) modeset(0): Modeline "1024x768"x60.0   65.00  1024 1048 1184 1344  768 771 777 806 -hsync -vsync (48.4 kHz d)
[   161.869] (II) modeset(0): Modeline "960x720"x120.0  117.00  960 1024 1128 1300  720 720 722 750 doublescan -hsync +vsync (90.0 kHz d)
[   161.869] (II) modeset(0): Modeline "928x696"x120.1  109.15  928 976 1088 1264  696 696 698 719 doublescan -hsync +vsync (86.4 kHz d)
[   161.869] (II) modeset(0): Modeline "896x672"x120.0  102.40  896 960 1060 1224  672 672 674 697 doublescan -hsync +vsync (83.7 kHz d)
[   161.869] (II) modeset(0): Modeline "1024x576"x119.9   98.50  1024 1092 1200 1376  576 577 580 597 doublescan -hsync +vsync (71.6 kHz d)
[   161.869] (II) modeset(0): Modeline "1024x576"x119.9   78.38  1024 1048 1064 1104  576 577 580 592 doublescan +hsync -vsync (71.0 kHz d)
[   161.869] (II) modeset(0): Modeline "1024x576"x59.9   46.50  1024 1064 1160 1296  576 579 584 599 -hsync +vsync (35.9 kHz d)
[   161.869] (II) modeset(0): Modeline "1024x576"x59.8   42.00  1024 1072 1104 1184  576 579 584 593 +hsync -vsync (35.5 kHz d)
[   161.869] (II) modeset(0): Modeline "960x600"x119.9   96.62  960 1028 1128 1296  600 601 604 622 doublescan -hsync +vsync (74.6 kHz d)
[   161.869] (II) modeset(0): Modeline "960x600"x120.0   77.00  960 984 1000 1040  600 601 604 617 doublescan +hsync -vsync (74.0 kHz d)
[   161.869] (II) modeset(0): Modeline "960x540"x119.9   86.50  960 1024 1124 1288  540 541 544 560 doublescan -hsync +vsync (67.2 kHz d)
[   161.869] (II) modeset(0): Modeline "960x540"x120.0   69.25  960 984 1000 1040  540 541 544 555 doublescan +hsync -vsync (66.6 kHz d)
[   161.869] (II) modeset(0): Modeline "960x540"x59.6   40.75  960 992 1088 1216  540 543 548 562 -hsync +vsync (33.5 kHz d)
[   161.869] (II) modeset(0): Modeline "960x540"x59.8   37.25  960 1008 1040 1120  540 543 548 556 +hsync -vsync (33.3 kHz d)
[   161.869] (II) modeset(0): Modeline "800x600"x120.0   81.00  800 832 928 1080  600 600 602 625 doublescan +hsync +vsync (75.0 kHz d)
[   161.869] (II) modeset(0): Modeline "800x600"x60.3   40.00  800 840 968 1056  600 601 605 628 +hsync +vsync (37.9 kHz d)
[   161.869] (II) modeset(0): Modeline "800x600"x56.2   36.00  800 824 896 1024  600 601 603 625 +hsync +vsync (35.2 kHz d)
[   161.869] (II) modeset(0): Modeline "840x525"x120.0   73.12  840 892 980 1120  525 526 529 544 doublescan -hsync +vsync (65.3 kHz d)
[   161.869] (II) modeset(0): Modeline "840x525"x119.8   59.50  840 864 880 920  525 526 529 540 doublescan +hsync -vsync (64.7 kHz d)
[   161.869] (II) modeset(0): Modeline "864x486"x59.9   32.50  864 888 968 1072  486 489 494 506 -hsync +vsync (30.3 kHz d)
[   161.869] (II) modeset(0): Modeline "864x486"x59.6   30.50  864 912 944 1024  486 489 494 500 +hsync -vsync (29.8 kHz d)
[   161.869] (II) modeset(0): Modeline "700x525"x120.0   61.00  700 744 820 940  525 526 532 541 doublescan +hsync +vsync (64.9 kHz d)
[   161.869] (II) modeset(0): Modeline "800x450"x119.9   59.12  800 848 928 1056  450 451 454 467 doublescan -hsync +vsync (56.0 kHz d)
[   161.869] (II) modeset(0): Modeline "800x450"x119.6   48.75  800 824 840 880  450 451 454 463 doublescan +hsync -vsync (55.4 kHz d)
[   161.870] (II) modeset(0): Modeline "640x512"x120.0   54.00  640 664 720 844  512 512 514 533 doublescan +hsync +vsync (64.0 kHz d)
[   161.870] (II) modeset(0): Modeline "700x450"x119.9   51.75  700 740 812 924  450 451 456 467 doublescan -hsync +vsync (56.0 kHz d)
[   161.870] (II) modeset(0): Modeline "700x450"x119.8   43.25  700 724 740 780  450 451 456 463 doublescan +hsync -vsync (55.4 kHz d)
[   161.870] (II) modeset(0): Modeline "640x480"x120.0   54.00  640 688 744 900  480 480 482 500 doublescan +hsync +vsync (60.0 kHz d)
[   161.870] (II) modeset(0): Modeline "640x480"x59.9   25.18  640 656 752 800  480 490 492 525 -hsync -vsync (31.5 kHz d)
[   161.870] (II) modeset(0): Modeline "720x405"x59.5   22.50  720 744 808 896  405 408 413 422 -hsync +vsync (25.1 kHz d)
[   161.870] (II) modeset(0): Modeline "720x405"x59.0   21.75  720 768 800 880  405 408 413 419 +hsync -vsync (24.7 kHz d)
[   161.870] (II) modeset(0): Modeline "684x384"x119.8   42.62  684 720 788 892  384 385 390 399 doublescan -hsync +vsync (47.8 kHz d)
[   161.870] (II) modeset(0): Modeline "684x384"x119.7   36.12  684 708 724 764  384 385 390 395 doublescan +hsync -vsync (47.3 kHz d)
[   161.870] (II) modeset(0): Modeline "640x400"x119.8   41.75  640 676 740 840  400 401 404 415 doublescan -hsync +vsync (49.7 kHz d)
[   161.870] (II) modeset(0): Modeline "640x400"x120.0   35.50  640 664 680 720  400 401 404 411 doublescan +hsync -vsync (49.3 kHz d)
[   161.870] (II) modeset(0): Modeline "640x360"x119.7   37.25  640 672 736 832  360 361 364 374 doublescan -hsync +vsync (44.8 kHz d)
[   161.870] (II) modeset(0): Modeline "640x360"x119.7   31.88  640 664 680 720  360 361 364 370 doublescan +hsync -vsync (44.3 kHz d)
[   161.870] (II) modeset(0): Modeline "640x360"x59.8   18.00  640 664 720 800  360 363 368 376 -hsync +vsync (22.5 kHz d)
[   161.870] (II) modeset(0): Modeline "640x360"x59.3   17.75  640 688 720 800  360 363 368 374 +hsync -vsync (22.2 kHz d)
[   161.870] (II) modeset(0): Modeline "512x384"x120.0   32.50  512 524 592 672  384 385 388 403 doublescan -hsync -vsync (48.4 kHz d)
[   161.870] (II) modeset(0): Modeline "512x288"x120.0   23.25  512 532 580 648  288 289 292 299 doublescan -hsync +vsync (35.9 kHz d)
[   161.870] (II) modeset(0): Modeline "512x288"x119.8   21.00  512 536 552 592  288 289 292 296 doublescan +hsync -vsync (35.5 kHz d)
[   161.870] (II) modeset(0): Modeline "480x270"x119.3   20.38  480 496 544 608  270 271 274 281 doublescan -hsync +vsync (33.5 kHz d)
[   161.870] (II) modeset(0): Modeline "480x270"x119.6   18.62  480 504 520 560  270 271 274 278 doublescan +hsync -vsync (33.3 kHz d)
[   161.870] (II) modeset(0): Modeline "400x300"x120.6   20.00  400 420 484 528  300 300 302 314 doublescan +hsync +vsync (37.9 kHz d)
[   161.870] (II) modeset(0): Modeline "400x300"x112.7   18.00  400 412 448 512  300 300 301 312 doublescan +hsync +vsync (35.2 kHz d)
[   161.870] (II) modeset(0): Modeline "432x243"x119.8   16.25  432 444 484 536  243 244 247 253 doublescan -hsync +vsync (30.3 kHz d)
[   161.870] (II) modeset(0): Modeline "432x243"x119.1   15.25  432 456 472 512  243 244 247 250 doublescan +hsync -vsync (29.8 kHz d)
[   161.870] (II) modeset(0): Modeline "320x240"x120.1   12.59  320 328 376 400  240 245 246 262 doublescan -hsync -vsync (31.5 kHz d)
[   161.870] (II) modeset(0): Modeline "360x202"x119.0   11.25  360 372 404 448  202 204 206 211 doublescan -hsync +vsync (25.1 kHz d)
[   161.870] (II) modeset(0): Modeline "360x202"x118.3   10.88  360 384 400 440  202 204 206 209 doublescan +hsync -vsync (24.7 kHz d)
[   161.870] (II) modeset(0): Modeline "320x180"x119.7    9.00  320 332 360 400  180 181 184 188 doublescan -hsync +vsync (22.5 kHz d)
[   161.870] (II) modeset(0): Modeline "320x180"x118.6    8.88  320 344 360 400  180 181 184 187 doublescan +hsync -vsync (22.2 kHz d)
[   161.875] (II) modeset(0): EDID for output DP-1
[   161.888] (II) modeset(0): EDID for output HDMI-1
[   161.893] (II) modeset(0): EDID for output DP-2
[   161.901] (II) modeset(0): EDID for output HDMI-2
[   161.901] (II) modeset(0): Output eDP-1 connected
[   161.901] (II) modeset(0): Output DP-1 disconnected
[   161.901] (II) modeset(0): Output HDMI-1 disconnected
[   161.901] (II) modeset(0): Output DP-2 disconnected
[   161.901] (II) modeset(0): Output HDMI-2 disconnected
[   161.901] (II) modeset(0): Using exact sizes for initial modes
[   161.901] (II) modeset(0): Output eDP-1 using initial mode 1920x1080 +0+0
[   161.901] (==) modeset(0): Using gamma correction (1.0, 1.0, 1.0)
[   161.901] (==) modeset(0): DPI set to (96, 96)
[   161.901] (II) Loading sub module "fb"
[   161.901] (II) LoadModule: "fb"
[   161.901] (II) Module "fb" already built-in
[   161.915] (==) modeset(0): Backing store enabled
[   161.915] (==) modeset(0): Silken mouse enabled
[   161.995] (II) modeset(0): Initializing kms color map for depth 24, 8 bpc.
[   161.995] (==) modeset(0): DPMS enabled
[   161.995] (II) modeset(0): [DRI2] Setup complete
[   161.995] (II) modeset(0): [DRI2]   DRI driver: iris
[   161.995] (II) modeset(0): [DRI2]   VDPAU driver: va_gl
[   161.995] (II) Initializing extension Generic Event Extension
[   161.995] (II) Initializing extension SHAPE
[   161.995] (II) Initializing extension MIT-SHM
[   161.995] (II) Initializing extension XInputExtension
[   161.996] (II) Initializing extension XTEST
[   161.996] (II) Initializing extension BIG-REQUESTS
[   161.996] (II) Initializing extension SYNC
[   161.996] (II) Initializing extension XKEYBOARD
[   161.996] (II) Initializing extension XC-MISC
[   161.996] (II) Initializing extension SECURITY
[   161.996] (II) Initializing extension XFIXES
[   161.996] (II) Initializing extension RENDER
[   161.997] (II) Initializing extension RANDR
[   161.997] (II) Initializing extension COMPOSITE
[   161.997] (II) Initializing extension DAMAGE
[   161.997] (II) Initializing extension MIT-SCREEN-SAVER
[   161.997] (II) Initializing extension DOUBLE-BUFFER
[   161.997] (II) Initializing extension RECORD
[   161.997] (II) Initializing extension DPMS
[   161.998] (II) Initializing extension Present
[   161.998] (II) Initializing extension DRI3
[   161.998] (II) Initializing extension X-Resource
[   161.998] (II) Initializing extension XVideo
[   161.998] (II) Initializing extension XVideo-MotionCompensation
[   161.998] (II) Initializing extension GLX
[   162.009] (II) AIGLX: Loaded and initialized iris
[   162.009] (II) GLX: Initialized DRI2 GL provider for screen 0
[   162.009] (II) Initializing extension XFree86-VidModeExtension
[   162.009] (II) Initializing extension XFree86-DGA
[   162.010] (II) Initializing extension XFree86-DRI
[   162.010] (II) Initializing extension DRI2
[   162.010] (II) modeset(0): Damage tracking initialized
[   162.010] (II) modeset(0): Setting screen physical size to 508 x 285
[   162.057] (II) config/udev: Adding input device Power Button (/dev/input/event2)
[   162.057] (**) Power Button: Applying InputClass "libinput keyboard catchall"
[   162.057] (II) LoadModule: "libinput"
[   162.057] (II) Loading /usr/lib/xorg/modules/input/libinput_drv.so
[   162.060] (II) Module libinput: vendor="X.Org Foundation"
[   162.060] 	compiled for 1.21.1.13, module version = 1.5.0
[   162.060] 	Module class: X.Org XInput Driver
[   162.060] 	ABI class: X.Org XInput driver, version 24.4
[   162.060] (II) Using input driver 'libinput' for 'Power Button'
[   162.061] (II) systemd-logind: got fd for /dev/input/event2 13:66 fd 26 paused 0
[   162.061] (**) Power Button: always reports core events
[   162.061] (**) Option "Device" "/dev/input/event2"
[   162.063] (II) event2  - Power Button: is tagged by udev as: Keyboard
[   162.063] (II) event2  - Power Button: device is a keyboard
[   162.063] (II) event2  - Power Button: device removed
[   162.063] (**) Option "config_info" "udev:/sys/devices/LNXSYSTM:00/LNXPWRBN:00/input/input2/event2"
[   162.063] (II) XINPUT: Adding extended input device "Power Button" (type: KEYBOARD, id 6)
[   162.063] (II) event2  - Power Button: is tagged by udev as: Keyboard
[   162.064] (II) event2  - Power Button: device is a keyboard
[   162.064] (II) config/udev: Adding input device Video Bus (/dev/input/event5)
[   162.064] (**) Video Bus: Applying InputClass "libinput keyboard catchall"
[   162.064] (II) Using input driver 'libinput' for 'Video Bus'
[   162.065] (II) systemd-logind: got fd for /dev/input/event5 13:69 fd 29 paused 0
[   162.065] (**) Video Bus: always reports core events
[   162.065] (**) Option "Device" "/dev/input/event5"
[   162.065] (II) event5  - Video Bus: is tagged by udev as: Keyboard
[   162.065] (II) event5  - Video Bus: device is a keyboard
[   162.066] (II) event5  - Video Bus: device removed
[   162.066] (**) Option "config_info" "udev:/sys/devices/LNXSYSTM:00/LNXSYBUS:00/PNP0A08:00/LNXVIDEO:00/input/input6/event5"
[   162.066] (II) XINPUT: Adding extended input device "Video Bus" (type: KEYBOARD, id 7)
[   162.066] (II) event5  - Video Bus: is tagged by udev as: Keyboard
[   162.066] (II) event5  - Video Bus: device is a keyboard
[   162.067] (II) config/udev: Adding input device Lid Switch (/dev/input/event1)
[   162.067] (II) No input driver specified, ignoring this device.
[   162.067] (II) This device may have been added with another device file.
[   162.067] (II) config/udev: Adding input device Sleep Button (/dev/input/event0)
[   162.067] (**) Sleep Button: Applying InputClass "libinput keyboard catchall"
[   162.067] (II) Using input driver 'libinput' for 'Sleep Button'
[   162.068] (II) systemd-logind: got fd for /dev/input/event0 13:64 fd 30 paused 0
[   162.068] (**) Sleep Button: always reports core events
[   162.068] (**) Option "Device" "/dev/input/event0"
[   162.068] (II) event0  - Sleep Button: is tagged by udev as: Keyboard
[   162.068] (II) event0  - Sleep Button: device is a keyboard
[   162.068] (II) event0  - Sleep Button: device removed
[   162.068] (**) Option "config_info" "udev:/sys/devices/LNXSYSTM:00/LNXSYBUS:00/PNP0C0E:00/input/input0/event0"
[   162.069] (II) XINPUT: Adding extended input device "Sleep Button" (type: KEYBOARD, id 8)
[   162.069] (II) event0  - Sleep Button: is tagged by udev as: Keyboard
[   162.069] (II) event0  - Sleep Button: device is a keyboard
[   162.070] (II) config/udev: Adding input device HDA Intel PCH Mic (/dev/input/event9)
[   162.070] (II) No input driver specified, ignoring this device.
[   162.070] (II) This device may have been added with another device file.
[   162.070] (II) config/udev: Adding input device HDA Intel PCH Headphone (/dev/input/event10)
[   162.070] (II) No input driver specified, ignoring this device.
[   162.070] (II) This device may have been added with another device file.
[   162.071] (II) config/udev: Adding input device HDA Intel PCH HDMI/DP,pcm=3 (/dev/input/event11)
[   162.071] (II) No input driver specified, ignoring this device.
[   162.071] (II) This device may have been added with another device file.
[   162.071] (II) config/udev: Adding input device HDA Intel PCH HDMI/DP,pcm=7 (/dev/input/event12)
[   162.071] (II) No input driver specified, ignoring this device.
[   162.071] (II) This device may have been added with another device file.
[   162.071] (II) config/udev: Adding input device HDA Intel PCH HDMI/DP,pcm=8 (/dev/input/event13)
[   162.071] (II) No input driver specified, ignoring this device.
[   162.071] (II) This device may have been added with another device file.
[   162.071] (II) config/udev: Adding input device Elan TrackPoint (/dev/input/event8)
[   162.071] (**) Elan TrackPoint: Applying InputClass "libinput pointer catchall"
[   162.071] (II) Using input driver 'libinput' for 'Elan TrackPoint'
[   162.072] (II) systemd-logind: got fd for /dev/input/event8 13:72 fd 31 paused 0
[   162.072] (**) Elan TrackPoint: always reports core events
[   162.072] (**) Option "Device" "/dev/input/event8"
[   162.072] (II) event8  - Elan TrackPoint: is tagged by udev as: Mouse Pointingstick
[   162.073] (II) event8  - Elan TrackPoint: device is a pointer
[   162.073] (II) event8  - Elan TrackPoint: device removed
[   162.073] (II) libinput: Elan TrackPoint: Step value 0 was provided, libinput Fallback acceleration function is used.
[   162.073] (II) libinput: Elan TrackPoint: Step value 0 was provided, libinput Fallback acceleration function is used.
[   162.073] (II) libinput: Elan TrackPoint: Step value 0 was provided, libinput Fallback acceleration function is used.
[   162.073] (**) Option "config_info" "udev:/sys/devices/pci0000:00/0000:00:1f.4/i2c-7/7-0015/input/input10/event8"
[   162.073] (II) XINPUT: Adding extended input device "Elan TrackPoint" (type: MOUSE, id 9)
[   162.073] (**) Option "AccelerationScheme" "none"
[   162.073] (**) Elan TrackPoint: (accel) selected scheme none/0
[   162.073] (**) Elan TrackPoint: (accel) acceleration factor: 2.000
[   162.073] (**) Elan TrackPoint: (accel) acceleration threshold: 4
[   162.074] (II) event8  - Elan TrackPoint: is tagged by udev as: Mouse Pointingstick
[   162.074] (II) event8  - Elan TrackPoint: device is a pointer
[   162.075] (II) config/udev: Adding input device Elan TrackPoint (/dev/input/mouse1)
[   162.075] (II) No input driver specified, ignoring this device.
[   162.075] (II) This device may have been added with another device file.
[   162.075] (II) config/udev: Adding input device Elan Touchpad (/dev/input/event7)
[   162.075] (**) Elan Touchpad: Applying InputClass "libinput touchpad catchall"
[   162.075] (II) Using input driver 'libinput' for 'Elan Touchpad'
[   162.076] (II) systemd-logind: got fd for /dev/input/event7 13:71 fd 32 paused 0
[   162.076] (**) Elan Touchpad: always reports core events
[   162.076] (**) Option "Device" "/dev/input/event7"
[   162.076] (II) event7  - Elan Touchpad: is tagged by udev as: Touchpad
[   162.078] (II) event7  - Elan Touchpad: device is a touchpad
[   162.078] (II) event7  - Elan Touchpad: device removed
[   162.078] (II) libinput: Elan Touchpad: Step value 0 was provided, libinput Fallback acceleration function is used.
[   162.078] (II) libinput: Elan Touchpad: Step value 0 was provided, libinput Fallback acceleration function is used.
[   162.078] (II) libinput: Elan Touchpad: Step value 0 was provided, libinput Fallback acceleration function is used.
[   162.078] (**) Option "config_info" "udev:/sys/devices/pci0000:00/0000:00:1f.4/i2c-7/7-0015/input/input9/event7"
[   162.078] (II) XINPUT: Adding extended input device "Elan Touchpad" (type: TOUCHPAD, id 10)
[   162.079] (**) Option "AccelerationScheme" "none"
[   162.079] (**) Elan Touchpad: (accel) selected scheme none/0
[   162.079] (**) Elan Touchpad: (accel) acceleration factor: 2.000
[   162.079] (**) Elan Touchpad: (accel) acceleration threshold: 4
[   162.080] (II) event7  - Elan Touchpad: is tagged by udev as: Touchpad
[   162.081] (II) event7  - Elan Touchpad: device is a touchpad
[   162.081] (II) config/udev: Adding input device Elan Touchpad (/dev/input/mouse0)
[   162.081] (II) No input driver specified, ignoring this device.
[   162.081] (II) This device may have been added with another device file.
[   162.082] (II) config/udev: Adding input device AT Translated Set 2 keyboard (/dev/input/event3)
[   162.082] (**) AT Translated Set 2 keyboard: Applying InputClass "libinput keyboard catchall"
[   162.082] (II) Using input driver 'libinput' for 'AT Translated Set 2 keyboard'
[   162.082] (II) systemd-logind: got fd for /dev/input/event3 13:67 fd 33 paused 0
[   162.082] (**) AT Translated Set 2 keyboard: always reports core events
[   162.082] (**) Option "Device" "/dev/input/event3"
[   162.083] (II) event3  - AT Translated Set 2 keyboard: is tagged by udev as: Keyboard
[   162.083] (II) event3  - AT Translated Set 2 keyboard: device is a keyboard
[   162.083] (II) event3  - AT Translated Set 2 keyboard: device removed
[   162.083] (**) Option "config_info" "udev:/sys/devices/platform/i8042/serio0/input/input4/event3"
[   162.083] (II) XINPUT: Adding extended input device "AT Translated Set 2 keyboard" (type: KEYBOARD, id 11)
[   162.084] (II) event3  - AT Translated Set 2 keyboard: is tagged by udev as: Keyboard
[   162.084] (II) event3  - AT Translated Set 2 keyboard: device is a keyboard
[   162.084] (II) config/udev: Adding input device PC Speaker (/dev/input/event6)
[   162.084] (II) No input driver specified, ignoring this device.
[   162.084] (II) This device may have been added with another device file.
[   162.086] (II) config/udev: Adding input device ThinkPad Extra Buttons (/dev/input/event4)
[   162.086] (**) ThinkPad Extra Buttons: Applying InputClass "libinput keyboard catchall"
[   162.086] (II) Using input driver 'libinput' for 'ThinkPad Extra Buttons'
[   162.086] (II) systemd-logind: got fd for /dev/input/event4 13:68 fd 34 paused 0
[   162.086] (**) ThinkPad Extra Buttons: always reports core events
[   162.086] (**) Option "Device" "/dev/input/event4"
[   162.087] (II) event4  - ThinkPad Extra Buttons: is tagged by udev as: Keyboard Switch
[   162.087] (II) event4  - ThinkPad Extra Buttons: device is a keyboard
[   162.087] (II) event4  - ThinkPad Extra Buttons: device removed
[   162.087] (**) Option "config_info" "udev:/sys/devices/platform/thinkpad_acpi/input/input3/event4"
[   162.087] (II) XINPUT: Adding extended input device "ThinkPad Extra Buttons" (type: KEYBOARD, id 12)
[   162.087] (II) event4  - ThinkPad Extra Buttons: is tagged by udev as: Keyboard Switch
[   162.087] (II) event4  - ThinkPad Extra Buttons: device is a keyboard
[   162.710] (II) modeset(0): EDID vendor "LGD", prod id 1580
[   162.710] (II) modeset(0): Printing DDC gathered Modelines:
[   162.710] (II) modeset(0): Modeline "1920x1080"x0.0  138.70  1920 1968 2000 2080  1080 1083 1088 1111 +hsync -vsync (66.7 kHz eP)
[   162.710] (II) modeset(0): Modeline "1920x1080"x0.0  114.46  1920 1968 2000 2164  1080 1083 1088 1102 +hsync -vsync (52.9 kHz e)
